<?xml version="1.0" encoding="UTF-8"?>
<!-- Generated by org.testng.reporters.JUnitReportReporter -->
<testsuite hostname="sys" failures="0" tests="1" name="test.Medical" time="27.258" errors="0" timestamp="2020-03-10T18:22:37 EDT" skipped="0">
  <testcase classname="test.Medical" name="createPatient" time="27.258"/>
</testsuite> <!-- test.Medical -->
